mode: atomic
github.com/freshteapot/learnalist-api/server/e2e/client.go:44.39,61.2 4 15
github.com/freshteapot/learnalist-api/server/e2e/client.go:63.39,65.2 1 197
github.com/freshteapot/learnalist-api/server/e2e/client.go:67.60,70.2 2 18
github.com/freshteapot/learnalist-api/server/e2e/client.go:72.77,84.16 6 18
github.com/freshteapot/learnalist-api/server/e2e/client.go:89.2,92.16 3 18
github.com/freshteapot/learnalist-api/server/e2e/client.go:96.2,98.16 3 18
github.com/freshteapot/learnalist-api/server/e2e/client.go:102.2,104.16 3 18
github.com/freshteapot/learnalist-api/server/e2e/client.go:108.2,109.17 2 18
github.com/freshteapot/learnalist-api/server/e2e/client.go:84.16,87.13 2 0
github.com/freshteapot/learnalist-api/server/e2e/client.go:92.16,94.13 1 0
github.com/freshteapot/learnalist-api/server/e2e/client.go:98.16,100.13 1 0
github.com/freshteapot/learnalist-api/server/e2e/client.go:104.16,106.13 1 0
github.com/freshteapot/learnalist-api/server/e2e/client.go:112.84,123.16 5 0
github.com/freshteapot/learnalist-api/server/e2e/client.go:128.2,129.29 2 0
github.com/freshteapot/learnalist-api/server/e2e/client.go:123.16,126.13 2 0
github.com/freshteapot/learnalist-api/server/e2e/client.go:132.96,137.16 5 132
github.com/freshteapot/learnalist-api/server/e2e/client.go:141.2,145.29 4 132
github.com/freshteapot/learnalist-api/server/e2e/client.go:137.16,140.3 1 0
github.com/freshteapot/learnalist-api/server/e2e/client.go:148.90,152.16 4 132
github.com/freshteapot/learnalist-api/server/e2e/client.go:157.2,161.22 4 132
github.com/freshteapot/learnalist-api/server/e2e/client.go:152.16,154.13 1 0
github.com/freshteapot/learnalist-api/server/e2e/client.go:155.3,155.23 1 0
github.com/freshteapot/learnalist-api/server/e2e/client.go:164.108,171.16 6 8
github.com/freshteapot/learnalist-api/server/e2e/client.go:175.2,179.29 4 8
github.com/freshteapot/learnalist-api/server/e2e/client.go:171.16,174.3 1 0
github.com/freshteapot/learnalist-api/server/e2e/client.go:182.102,187.16 4 5
github.com/freshteapot/learnalist-api/server/e2e/client.go:191.2,195.22 4 5
github.com/freshteapot/learnalist-api/server/e2e/client.go:187.16,190.3 1 0
github.com/freshteapot/learnalist-api/server/e2e/client.go:198.97,204.16 5 2
github.com/freshteapot/learnalist-api/server/e2e/client.go:208.2,212.29 4 2
github.com/freshteapot/learnalist-api/server/e2e/client.go:204.16,207.3 1 0
github.com/freshteapot/learnalist-api/server/e2e/client.go:215.108,223.16 4 5
github.com/freshteapot/learnalist-api/server/e2e/client.go:227.2,232.16 5 5
github.com/freshteapot/learnalist-api/server/e2e/client.go:236.2,240.16 5 5
github.com/freshteapot/learnalist-api/server/e2e/client.go:244.2,244.17 1 5
github.com/freshteapot/learnalist-api/server/e2e/client.go:223.16,225.13 1 0
github.com/freshteapot/learnalist-api/server/e2e/client.go:232.16,234.13 1 0
github.com/freshteapot/learnalist-api/server/e2e/client.go:240.16,242.13 1 0
github.com/freshteapot/learnalist-api/server/e2e/client.go:247.86,251.16 4 8
github.com/freshteapot/learnalist-api/server/e2e/client.go:256.2,260.16 4 8
github.com/freshteapot/learnalist-api/server/e2e/client.go:266.2,272.17 6 8
github.com/freshteapot/learnalist-api/server/e2e/client.go:251.16,254.13 1 0
github.com/freshteapot/learnalist-api/server/e2e/client.go:260.16,263.13 2 0
github.com/freshteapot/learnalist-api/server/e2e/client.go:275.97,285.16 8 3
github.com/freshteapot/learnalist-api/server/e2e/client.go:289.2,293.29 4 3
github.com/freshteapot/learnalist-api/server/e2e/client.go:285.16,288.3 1 0
github.com/freshteapot/learnalist-api/server/e2e/client.go:296.88,301.16 4 2
github.com/freshteapot/learnalist-api/server/e2e/client.go:304.2,306.16 3 2
github.com/freshteapot/learnalist-api/server/e2e/client.go:309.2,310.16 2 2
github.com/freshteapot/learnalist-api/server/e2e/client.go:313.2,313.22 1 2
github.com/freshteapot/learnalist-api/server/e2e/client.go:301.16,303.3 1 0
github.com/freshteapot/learnalist-api/server/e2e/client.go:306.16,308.3 1 0
github.com/freshteapot/learnalist-api/server/e2e/client.go:310.16,312.3 1 0
github.com/freshteapot/learnalist-api/server/e2e/client.go:316.87,321.16 5 4
github.com/freshteapot/learnalist-api/server/e2e/client.go:325.2,329.29 4 4
github.com/freshteapot/learnalist-api/server/e2e/client.go:321.16,324.3 1 0
github.com/freshteapot/learnalist-api/server/e2e/client.go:332.78,337.16 4 4
github.com/freshteapot/learnalist-api/server/e2e/client.go:340.2,342.16 3 4
github.com/freshteapot/learnalist-api/server/e2e/client.go:345.2,346.16 2 4
github.com/freshteapot/learnalist-api/server/e2e/client.go:349.2,349.22 1 4
github.com/freshteapot/learnalist-api/server/e2e/client.go:337.16,339.3 1 0
github.com/freshteapot/learnalist-api/server/e2e/client.go:342.16,344.3 1 0
github.com/freshteapot/learnalist-api/server/e2e/client.go:346.16,348.3 1 0
github.com/freshteapot/learnalist-api/server/e2e/client.go:352.99,357.16 5 2
github.com/freshteapot/learnalist-api/server/e2e/client.go:361.2,365.29 4 2
github.com/freshteapot/learnalist-api/server/e2e/client.go:357.16,360.3 1 0
github.com/freshteapot/learnalist-api/server/e2e/client.go:368.116,371.18 3 9
github.com/freshteapot/learnalist-api/server/e2e/client.go:374.2,374.20 1 9
github.com/freshteapot/learnalist-api/server/e2e/client.go:377.2,377.36 1 9
github.com/freshteapot/learnalist-api/server/e2e/client.go:381.2,382.16 2 9
github.com/freshteapot/learnalist-api/server/e2e/client.go:386.2,390.29 4 9
github.com/freshteapot/learnalist-api/server/e2e/client.go:371.18,373.3 1 4
github.com/freshteapot/learnalist-api/server/e2e/client.go:374.20,376.3 1 3
github.com/freshteapot/learnalist-api/server/e2e/client.go:377.36,379.3 1 1
github.com/freshteapot/learnalist-api/server/e2e/client.go:382.16,385.3 1 0
github.com/freshteapot/learnalist-api/server/e2e/client.go:393.113,396.16 3 7
github.com/freshteapot/learnalist-api/server/e2e/client.go:399.2,401.16 3 7
github.com/freshteapot/learnalist-api/server/e2e/client.go:404.2,405.16 2 7
github.com/freshteapot/learnalist-api/server/e2e/client.go:408.2,408.22 1 7
github.com/freshteapot/learnalist-api/server/e2e/client.go:396.16,398.3 1 0
github.com/freshteapot/learnalist-api/server/e2e/client.go:401.16,403.3 1 0
github.com/freshteapot/learnalist-api/server/e2e/client.go:405.16,407.3 1 0
github.com/freshteapot/learnalist-api/server/e2e/client.go:411.115,417.16 5 1
github.com/freshteapot/learnalist-api/server/e2e/client.go:421.2,425.29 4 1
github.com/freshteapot/learnalist-api/server/e2e/client.go:417.16,420.3 1 0
github.com/freshteapot/learnalist-api/server/e2e/client.go:428.92,433.16 5 4
github.com/freshteapot/learnalist-api/server/e2e/client.go:438.2,442.16 5 4
github.com/freshteapot/learnalist-api/server/e2e/client.go:447.2,452.22 5 4
github.com/freshteapot/learnalist-api/server/e2e/client.go:433.16,436.3 1 0
github.com/freshteapot/learnalist-api/server/e2e/client.go:442.16,445.3 1 0
github.com/freshteapot/learnalist-api/server/e2e/client.go:455.133,469.16 8 1
github.com/freshteapot/learnalist-api/server/e2e/client.go:474.2,478.16 5 1
github.com/freshteapot/learnalist-api/server/e2e/client.go:483.2,488.22 5 1
github.com/freshteapot/learnalist-api/server/e2e/client.go:469.16,472.3 1 0
github.com/freshteapot/learnalist-api/server/e2e/client.go:478.16,481.3 1 0
github.com/freshteapot/learnalist-api/server/e2e/client.go:491.88,495.2 3 3
